1537384491998	mozrunner::runner	INFO	Running command: "C:\\Program Files\\Mozilla Firefox\\firefox.exe" "-marionette" "-foreground" "-no-remote" "-profile" "C:\\Users\\migoh\\AppData\\Local\\Temp\\rust_mozprofile.cWNcwNasigrv"
1537384494147	Marionette	INFO	Listening on port 54477
1537384494235	Marionette	WARN	TLS certificate errors will be ignored for this session
1537384494271	Marionette	DEBUG	[6442450945] Frame script loaded
1537384494272	Marionette	DEBUG	[6442450945] Frame script registered
1537384494296	Marionette	DEBUG	[6442450945] Received DOM event beforeunload for about:blank
1537384498972	Marionette	DEBUG	[6442450945] Received DOM event pagehide for about:blank
JavaScript warning: https://www.instagram.com/static/bundles/base/ConsumerCommons.js/b0e727ebe06f.js, line 1: unreachable code after return statement
JavaScript warning: https://www.instagram.com/static/bundles/base/ConsumerCommons.js/b0e727ebe06f.js, line 1: unreachable code after return statement
1537384499560	Marionette	DEBUG	[6442450945] Received DOM event DOMContentLoaded for https://www.instagram.com/
1537384499748	Marionette	DEBUG	[6442450945] Received DOM event pageshow for https://www.instagram.com/
[Parent 12592, Gecko_IOThread] WARNING: pipe error: 109: file z:/build/build/src/ipc/chromium/src/chrome/common/ipc_channel_win.cc, line 346
[Parent 12592, Gecko_IOThread] WARNING: pipe error: 109: file z:/build/build/src/ipc/chromium/src/chrome/common/ipc_channel_win.cc, line 346
[Child 7244, Chrome_ChildThread] WARNING: pipe error: 109: file z:/build/build/src/ipc/chromium/src/chrome/common/ipc_channel_win.cc, line 346
[Child 7244, Chrome_ChildThread] WARNING: pipe [Child 11852, Chrome_ChildThread] WARNING: pipe error: 109: file z:/build/build/src/ipc/chromium/src/chrome/common/ipc_channel_win.cc, line 346
[Child 11852, Chrome_ChildThr[Parent 12592, Gecko_IOThread] WARNING: pipe error: 109: file z:/build/build/src/ipc/chromium/src/chrome/common/ipc_channel_win.cc, line 346
[Child 7000, Chrome_ChildThread] WARNING: pipe error: 109: file z:/build/build/src/ipc/chromium/src/chrome/common/ipc_channel_win.cc, line 346
[Child 7000, Chrome_C1537384508430	Marionette	INFO	Stopped listening on port 54477
[GPU 51537384543032	mozrunner::runner	INFO	Running command: "C:\\Program Files\\Mozilla Firefox\\firefox.exe" "-marionette" "-foreground" "-no-remote" "-profile" "C:\\Users\\migoh\\AppData\\Local\\Temp\\rust_mozprofile.YsOrs8yqDOZy"
1537384544745	Marionette	INFO	Listening on port 54517
1537384545153	Marionette	WARN	TLS certificate errors will be ignored for this session
1537384545182	Marionette	DEBUG	[6442450945] Frame script loaded
1537384545184	Marionette	DEBUG	[6442450945] Frame script registered
1537384545198	Marionette	DEBUG	[6442450945] Received DOM event beforeunload for about:blank
1537384545524	Marionette	DEBUG	[6442450945] Received DOM event pagehide for about:blank
JavaScript warning: https://www.instagram.com/static/bundles/base/ConsumerCommons.js/b0e727ebe06f.js, line 1: unreachable code after return statement
JavaScript warning: https://www.instagram.com/static/bundles/base/ConsumerCommons.js/b0e727ebe06f.js, line 1: unreachable code after return statement
1537384546200	Marionette	DEBUG	[6442450945] Received DOM event DOMContentLoaded for https://www.instagram.com/
1537384546389	Marionette	DEBUG	[6442450945] Received DOM event pageshow for https://www.instagram.com/
[Parent 8368, Gecko_IOThread] WARNING: pipe error: 109: file z:/build/build/src/ipc/chromium/src/chrome/common/ipc_channel_win.cc, line 346
[Parent 8368, Gecko_IOThread] WARNING: pipe error: 109: file z:/build/build/src/ipc/chromium/src/chrome/common/ipc_channel_win.cc, line 346
[Child 10644, Chrome_ChildThread] WARNING: pipe error: 109: file z:/build/build/src/ipc/chromium/src/chrome/common/ipc_channel_win.cc, line 346
[Child 10644, Chrome_ChildThread] WARNING: pipe error[Child 12852, Chrome_ChildThread] WARNING: pipe error: 109: file z:/build/build/src/ipc/chromium/src/chrome/common/ipc_channel_win.cc, line 346
[Child 12852, Chrome_[Parent 8368, Gecko_IOThread] WARNING: pipe error: 109: file z:/build/build/src/ipc/chromium/src/chrome/common/ipc_channel_win.cc, line 346
[Child 10852, Chrome_ChildThread] WARNING: pipe error: 109: file z:/build/build/src/ipc/chromium/src/chrome/common/ipc_channel_win.cc, line 346
[Child 10852, Chrome_Chil1537384613727	Marionette	INFO	Stopped listening on port 54517
[GPU 11372, Chr[Parent 8368, Gecko_IOThread] WARNING: pipe error: 232: file z:/build/build/src/ipc/chromium/src/chrome/common/ipc_channel_win.cc, line 513
1537390345955	mozrunner::runner	INFO	Running command: "/usr/bin/firefox" "-marionette" "-foreground" "-no-remote" "-profile" "/tmp/rust_mozprofile.kdC7jjyGjo2M"
1537390346964	addons.xpi-utils	WARN	Add-on langpack-en-ZA@firefox.mozilla.org is not compatible with application version.
1537390346964	addons.xpi-utils	WARN	Add-on langpack-en-ZA@firefox.mozilla.org is not compatible with application version.
1537390346964	addons.xpi-utils	WARN	Add-on langpack-en-ZA@firefox.mozilla.org is not compatible with application version.
1537390346981	addons.xpi-utils	WARN	Add-on langpack-en-GB@firefox.mozilla.org is not compatible with application version.
1537390346981	addons.xpi-utils	WARN	Add-on langpack-en-GB@firefox.mozilla.org is not compatible with application version.
1537390346982	addons.xpi-utils	WARN	Add-on langpack-en-GB@firefox.mozilla.org is not compatible with application version.
1537390347006	addons.xpi-utils	WARN	Add-on langpack-en-CA@firefox.mozilla.org is not compatible with application version.
1537390347006	addons.xpi-utils	WARN	Add-on langpack-en-CA@firefox.mozilla.org is not compatible with application version.
1537390347006	addons.xpi-utils	WARN	Add-on langpack-en-CA@firefox.mozilla.org is not compatible with application version.
1537390347358	addons.xpi-utils	WARN	Add-on langpack-en-ZA@firefox.mozilla.org is not compatible with application version.
1537390347359	addons.xpi-utils	WARN	Add-on langpack-en-GB@firefox.mozilla.org is not compatible with application version.
1537390347360	addons.xpi-utils	WARN	Add-on langpack-en-CA@firefox.mozilla.org is not compatible with application version.
1537390347360	addons.xpi-utils	WARN	Add-on langpack-en-ZA@firefox.mozilla.org is not compatible with application version.
1537390347360	addons.xpi-utils	WARN	Add-on langpack-en-GB@firefox.mozilla.org is not compatible with application version.
1537390347360	addons.xpi-utils	WARN	Add-on langpack-en-CA@firefox.mozilla.org is not compatible with application version.
1537390347361	addons.xpi-utils	WARN	Add-on langpack-en-ZA@firefox.mozilla.org is not compatible with application version.
1537390347361	addons.xpi-utils	WARN	Add-on langpack-en-GB@firefox.mozilla.org is not compatible with application version.
1537390347361	addons.xpi-utils	WARN	Add-on langpack-en-CA@firefox.mozilla.org is not compatible with application version.
1537390347364	addons.xpi-utils	WARN	Add-on langpack-en-ZA@firefox.mozilla.org is not compatible with application version.
1537390347364	addons.xpi-utils	WARN	Add-on langpack-en-GB@firefox.mozilla.org is not compatible with application version.
1537390347364	addons.xpi-utils	WARN	Add-on langpack-en-CA@firefox.mozilla.org is not compatible with application version.
1537390347365	addons.xpi-utils	WARN	Add-on langpack-en-ZA@firefox.mozilla.org is not compatible with application version.
1537390347365	addons.xpi-utils	WARN	Add-on langpack-en-GB@firefox.mozilla.org is not compatible with application version.
1537390347365	addons.xpi-utils	WARN	Add-on langpack-en-CA@firefox.mozilla.org is not compatible with application version.
1537390347384	addons.xpi-utils	WARN	Add-on langpack-en-ZA@firefox.mozilla.org is not compatible with application version.
1537390347385	addons.xpi-utils	WARN	Add-on langpack-en-GB@firefox.mozilla.org is not compatible with application version.
1537390347385	addons.xpi-utils	WARN	Add-on langpack-en-CA@firefox.mozilla.org is not compatible with application version.
1537390350141	Marionette	INFO	Listening on port 40905
1537390350335	Marionette	WARN	TLS certificate errors will be ignored for this session
JavaScript warning: https://www.instagram.com/static/bundles/base/ConsumerCommons.js/cb75c7e9daa2.js, line 1: unreachable code after return statement
JavaScript warning: https://www.instagram.com/static/bundles/base/ConsumerCommons.js/cb75c7e9daa2.js, line 1: unreachable code after return statement
*** UTM:SVC TimerManager:registerTimer called after profile-before-change notification. Ignoring timer registration for id: telemetry_modules_ping
1537390845014	mozrunner::runner	INFO	Running command: "/usr/bin/firefox" "-marionette" "-foreground" "-no-remote" "-profile" "/tmp/rust_mozprofile.XW9PT9NWrTdP"
1537390846363	addons.xpi-utils	WARN	Add-on langpack-en-ZA@firefox.mozilla.org is not compatible with application version.
1537390846363	addons.xpi-utils	WARN	Add-on langpack-en-ZA@firefox.mozilla.org is not compatible with application version.
1537390846363	addons.xpi-utils	WARN	Add-on langpack-en-ZA@firefox.mozilla.org is not compatible with application version.
1537390846399	addons.xpi-utils	WARN	Add-on langpack-en-GB@firefox.mozilla.org is not compatible with application version.
1537390846399	addons.xpi-utils	WARN	Add-on langpack-en-GB@firefox.mozilla.org is not compatible with application version.
1537390846399	addons.xpi-utils	WARN	Add-on langpack-en-GB@firefox.mozilla.org is not compatible with application version.
1537390846420	addons.xpi-utils	WARN	Add-on langpack-en-CA@firefox.mozilla.org is not compatible with application version.
1537390846420	addons.xpi-utils	WARN	Add-on langpack-en-CA@firefox.mozilla.org is not compatible with application version.
1537390846420	addons.xpi-utils	WARN	Add-on langpack-en-CA@firefox.mozilla.org is not compatible with application version.
1537390846687	addons.xpi-utils	WARN	Add-on langpack-en-ZA@firefox.mozilla.org is not compatible with application version.
1537390846688	addons.xpi-utils	WARN	Add-on langpack-en-GB@firefox.mozilla.org is not compatible with application version.
1537390846688	addons.xpi-utils	WARN	Add-on langpack-en-CA@firefox.mozilla.org is not compatible with application version.
1537390846689	addons.xpi-utils	WARN	Add-on langpack-en-ZA@firefox.mozilla.org is not compatible with application version.
1537390846689	addons.xpi-utils	WARN	Add-on langpack-en-GB@firefox.mozilla.org is not compatible with application version.
1537390846689	addons.xpi-utils	WARN	Add-on langpack-en-CA@firefox.mozilla.org is not compatible with application version.
1537390846694	addons.xpi-utils	WARN	Add-on langpack-en-ZA@firefox.mozilla.org is not compatible with application version.
1537390846694	addons.xpi-utils	WARN	Add-on langpack-en-GB@firefox.mozilla.org is not compatible with application version.
1537390846694	addons.xpi-utils	WARN	Add-on langpack-en-CA@firefox.mozilla.org is not compatible with application version.
1537390846697	addons.xpi-utils	WARN	Add-on langpack-en-ZA@firefox.mozilla.org is not compatible with application version.
1537390846697	addons.xpi-utils	WARN	Add-on langpack-en-GB@firefox.mozilla.org is not compatible with application version.
1537390846697	addons.xpi-utils	WARN	Add-on langpack-en-CA@firefox.mozilla.org is not compatible with application version.
1537390846702	addons.xpi-utils	WARN	Add-on langpack-en-ZA@firefox.mozilla.org is not compatible with application version.
1537390846702	addons.xpi-utils	WARN	Add-on langpack-en-GB@firefox.mozilla.org is not compatible with application version.
1537390846702	addons.xpi-utils	WARN	Add-on langpack-en-CA@firefox.mozilla.org is not compatible with application version.
1537390846741	addons.xpi-utils	WARN	Add-on langpack-en-ZA@firefox.mozilla.org is not compatible with application version.
1537390846741	addons.xpi-utils	WARN	Add-on langpack-en-GB@firefox.mozilla.org is not compatible with application version.
1537390846741	addons.xpi-utils	WARN	Add-on langpack-en-CA@firefox.mozilla.org is not compatible with application version.
1537390849885	Marionette	INFO	Listening on port 39467
1537390849993	Marionette	WARN	TLS certificate errors will be ignored for this session
JavaScript warning: https://www.instagram.com/static/bundles/base/ConsumerCommons.js/cb75c7e9daa2.js, line 1: unreachable code after return statement
JavaScript warning: https://www.instagram.com/static/bundles/base/ConsumerCommons.js/cb75c7e9daa2.js, line 1: unreachable code after return statement
*** UTM:SVC TimerManager:registerTimer called after profile-before-change notification. Ignoring timer registration for id: telemetry_modules_ping
1537473650508	mozrunner::runner	INFO	Running command: "/usr/bin/firefox" "-marionette" "-foreground" "-no-remote" "-profile" "/tmp/rust_mozprofile.2BpYGVaJjGa6"

(firefox:6077): Gtk-WARNING **: 22:00:51.463: Theme parsing error: <data>:1:34: Expected ')' in color definition

(firefox:6077): Gtk-WARNING **: 22:00:51.464: Theme parsing error: <data>:1:77: Expected ')' in color definition
1537473652941	Marionette	INFO	Listening on port 41631
1537473653064	Marionette	WARN	TLS certificate errors will be ignored for this session
1537473653183	Marionette	DEBUG	[2147483649] Frame script loaded
1537473653192	Marionette	DEBUG	[2147483649] Frame script registered
1537473653223	Marionette	DEBUG	[2147483649] Received DOM event beforeunload for about:blank
1537473656696	Marionette	DEBUG	[2147483649] Received DOM event pagehide for about:blank
JavaScript warning: https://www.instagram.com/static/bundles/base/ConsumerCommons.js/cb75c7e9daa2.js, line 1: unreachable code after return statement
JavaScript warning: https://www.instagram.com/static/bundles/base/ConsumerCommons.js/cb75c7e9daa2.js, line 1: unreachable code after return statement
1537473657390	Marionette	DEBUG	[2147483649] Received DOM event DOMContentLoaded for https://www.instagram.com/
1537473659069	Marionette	DEBUG	[2147483649] Received DOM event pageshow for https://www.instagram.com/
1537473740192	Marionette	INFO	Stopped listening on port 41631
1537473745887	mozrunner::runner	INFO	Running command: "/usr/bin/firefox" "-marionette" "-foreground" "-no-remote" "-profile" "/tmp/rust_mozprofile.DF5ZP7iptguS"

(firefox:6320): Gtk-WARNING **: 22:02:26.813: Theme parsing error: <data>:1:34: Expected ')' in color definition

(firefox:6320): Gtk-WARNING **: 22:02:26.813: Theme parsing error: <data>:1:77: Expected ')' in color definition
1537473748344	Marionette	INFO	Listening on port 36997
1537473748432	Marionette	WARN	TLS certificate errors will be ignored for this session
1537473748510	Marionette	DEBUG	[2147483649] Frame script loaded
1537473748520	Marionette	DEBUG	[2147483649] Frame script registered
1537473748540	Marionette	DEBUG	[2147483649] Received DOM event beforeunload for about:blank
1537473749876	Marionette	DEBUG	[2147483649] Received DOM event pagehide for about:blank
JavaScript warning: https://www.instagram.com/static/bundles/base/ConsumerCommons.js/cb75c7e9daa2.js, line 1: unreachable code after return statement
JavaScript warning: https://www.instagram.com/static/bundles/base/ConsumerCommons.js/cb75c7e9daa2.js, line 1: unreachable code after return statement
1537473751026	Marionette	DEBUG	[2147483649] Received DOM event DOMContentLoaded for https://www.instagram.com/
1537473752515	Marionette	DEBUG	[2147483649] Received DOM event pageshow for https://www.instagram.com/
[Parent 6320, Gecko_IOThread] WARNING: pipe error (78): Connection reset by peer: file /build/firefox-LCnNpq/firefox-62.0+build2/ipc/chromium/src/chrome/common/ipc_channel_posix.cc, line 353
1537473779457	Marionette	INFO	Stopped listening on port 36997
1537473784482	mozrunner::runner	INFO	Running command: "/usr/bin/firefox" "-marionette" "-foreground" "-no-remote" "-profile" "/tmp/rust_mozprofile.H95iug1fSsWE"

(firefox:6564): Gtk-WARNING **: 22:03:05.456: Theme parsing error: <data>:1:34: Expected ')' in color definition

(firefox:6564): Gtk-WARNING **: 22:03:05.456: Theme parsing error: <data>:1:77: Expected ')' in color definition
1537473786935	Marionette	INFO	Listening on port 33983
1537473787038	Marionette	WARN	TLS certificate errors will be ignored for this session
1537473787114	Marionette	DEBUG	[2147483649] Frame script loaded
1537473787117	Marionette	DEBUG	[2147483649] Frame script registered
1537473787157	Marionette	DEBUG	[2147483649] Received DOM event beforeunload for about:blank
1537473787945	Marionette	DEBUG	[2147483649] Received DOM event pagehide for about:blank
JavaScript warning: https://www.instagram.com/static/bundles/base/ConsumerCommons.js/cb75c7e9daa2.js, line 1: unreachable code after return statement
JavaScript warning: https://www.instagram.com/static/bundles/base/ConsumerCommons.js/cb75c7e9daa2.js, line 1: unreachable code after return statement
1537473788907	Marionette	DEBUG	[2147483649] Received DOM event DOMContentLoaded for https://www.instagram.com/
1537473790429	Marionette	DEBUG	[2147483649] Received DOM event pageshow for https://www.instagram.com/
1537473800906	Marionette	DEBUG	[2147483649] Canceled page load listener because no navigation has been detected
1537473811469	Marionette	DEBUG	[2147483649] Canceled page load listener because no navigation has been detected
JavaScript warning: https://www.instagram.com/static/bundles/base/ConsumerCommons.js/cb75c7e9daa2.js, line 1: unreachable code after return statement
JavaScript warning: https://www.instagram.com/static/bundles/base/ConsumerCommons.js/cb75c7e9daa2.js, line 1: unreachable code after return statement
[Parent 6564, Gecko_IOThread] WARNING: pipe error (77): Connection reset by peer: file /build/firefox-LCnNpq/firefox-62.0+build2/ipc/chromium/src/chrome/common/ipc_channel_posix.cc, line 353
1537473819470	Marionette	INFO	Stopped listening on port 33983
